<?xml version="1.0" encoding="UTF-8"?>
<!-- Generated by org.testng.reporters.JUnitReportReporter -->
<testsuite skipped="0" hostname="Farizs-MacBook-Pro.local" name="com.framework.helper.TestRunner" tests="1" failures="0" timestamp="11 Jul 2019 09:25:34 GMT" time="4.793" errors="0">
  <testcase name="runScenario" time="4.793" classname="com.framework.helper.TestRunner"/>
</testsuite> <!-- com.framework.helper.TestRunner -->
