<?xml version="1.0" encoding="UTF-8"?>
<!-- Generated by org.testng.reporters.JUnitReportReporter -->
<testsuite skipped="0" hostname="Farizs-MacBook-Pro.local" name="com.framework.helper.TestRunner" tests="1" failures="0" timestamp="09 Jul 2019 09:28:15 GMT" time="0.134" errors="0">
  <testcase name="runScenario" time="0.134" classname="com.framework.helper.TestRunner"/>
</testsuite> <!-- com.framework.helper.TestRunner -->
